[debug] [2021-05-29T10:01:55.049Z] ----------------------------------------------------------------------
[debug] [2021-05-29T10:01:55.052Z] Command:       C:\Program Files\nodejs\node.exe C:\Users\Arnov\AppData\Roaming\npm\node_modules\firebase-tools\lib\bin\firebase.js deploy --only functions
[debug] [2021-05-29T10:01:55.052Z] CLI Version:   9.11.0
[debug] [2021-05-29T10:01:55.052Z] Platform:      win32
[debug] [2021-05-29T10:01:55.052Z] Node Version:  v14.15.1
[debug] [2021-05-29T10:01:55.054Z] Time:          Sat May 29 2021 12:01:55 GMT+0200 (South Africa Standard Time)
[debug] [2021-05-29T10:01:55.054Z] ----------------------------------------------------------------------
[debug] 
[debug] [2021-05-29T10:01:55.065Z] > command requires scopes: ["email","openid","https://www.googleapis.com/auth/cloudplatformprojects.readonly","https://www.googleapis.com/auth/firebase","https://www.googleapis.com/auth/cloud-platform"]
[debug] [2021-05-29T10:01:55.065Z] > authorizing via signed-in user (arnovanstaden@gmail.com)
[debug] [2021-05-29T10:01:55.065Z] [iam] checking project birthday-buddy-3daf2 for permissions ["cloudfunctions.functions.create","cloudfunctions.functions.delete","cloudfunctions.functions.get","cloudfunctions.functions.list","cloudfunctions.functions.update","cloudfunctions.operations.get","firebase.projects.get"]
[debug] [2021-05-29T10:01:55.068Z] > refreshing access token with scopes: ["email","https://www.googleapis.com/auth/cloud-platform","https://www.googleapis.com/auth/cloudplatformprojects.readonly","https://www.googleapis.com/auth/firebase","openid"]
[debug] [2021-05-29T10:01:55.068Z] >>> HTTP REQUEST POST https://www.googleapis.com/oauth2/v3/token  
 <request body omitted>
[debug] [2021-05-29T10:01:55.628Z] <<< HTTP RESPONSE 200 {"pragma":"no-cache","cache-control":"no-cache, no-store, max-age=0, must-revalidate","expires":"Mon, 01 Jan 1990 00:00:00 GMT","date":"Sat, 29 May 2021 10:01:55 GMT","content-type":"application/json; charset=utf-8","vary":"X-Origin, Referer, Origin,Accept-Encoding","server":"scaffolding on HTTPServer2","x-xss-protection":"0","x-frame-options":"SAMEORIGIN","x-content-type-options":"nosniff","alt-svc":"h3-29=\":443\"; ma=2592000,h3-T051=\":443\"; ma=2592000,h3-Q050=\":443\"; ma=2592000,h3-Q046=\":443\"; ma=2592000,h3-Q043=\":443\"; ma=2592000,quic=\":443\"; ma=2592000; v=\"46,43\"","accept-ranges":"none","transfer-encoding":"chunked"}
[debug] [2021-05-29T10:01:55.650Z] >>> HTTP REQUEST POST https://cloudresourcemanager.googleapis.com/v1/projects/birthday-buddy-3daf2:testIamPermissions  
 {"permissions":["cloudfunctions.functions.create","cloudfunctions.functions.delete","cloudfunctions.functions.get","cloudfunctions.functions.list","cloudfunctions.functions.update","cloudfunctions.operations.get","firebase.projects.get"]}
[debug] [2021-05-29T10:01:57.477Z] <<< HTTP RESPONSE 200 {"content-type":"application/json; charset=UTF-8","vary":"X-Origin, Referer, Origin,Accept-Encoding","date":"Sat, 29 May 2021 10:01:57 GMT","server":"ESF","cache-control":"private","x-xss-protection":"0","x-frame-options":"SAMEORIGIN","x-content-type-options":"nosniff","server-timing":"gfet4t7; dur=1489","alt-svc":"h3-29=\":443\"; ma=2592000,h3-T051=\":443\"; ma=2592000,h3-Q050=\":443\"; ma=2592000,h3-Q046=\":443\"; ma=2592000,h3-Q043=\":443\"; ma=2592000,quic=\":443\"; ma=2592000; v=\"46,43\"","accept-ranges":"none","transfer-encoding":"chunked"}
[debug] [2021-05-29T10:01:57.478Z] >>> HTTP REQUEST POST https://iam.googleapis.com/v1/projects/birthday-buddy-3daf2/serviceAccounts/birthday-buddy-3daf2@appspot.gserviceaccount.com:testIamPermissions  
 {"permissions":["iam.serviceAccounts.actAs"]}
